<?xml version="1.0" encoding="UTF-8"?>
<coverage generated="1669900135719" clover="3.2.0">
  <project timestamp="1669900135719" name="All files">
    <metrics statements="19" coveredstatements="15" conditionals="6" coveredconditionals="4" methods="5" coveredmethods="4" elements="30" coveredelements="23" complexity="0" loc="19" ncloc="19" packages="2" files="2" classes="2"/>
    <package name="controllers">
      <metrics statements="17" coveredstatements="13" conditionals="6" coveredconditionals="4" methods="5" coveredmethods="4"/>
      <file name="Calories.ts" path="/home/jonwrigt/Documents/AOC2022/packages/api/src/controllers/Calories.ts">
        <metrics statements="17" coveredstatements="13" conditionals="6" coveredconditionals="4" methods="5" coveredmethods="4"/>
        <line num="2" count="1" type="stmt"/>
        <line num="6" count="1" type="stmt"/>
        <line num="8" count="2" type="stmt"/>
        <line num="9" count="2" type="stmt"/>
        <line num="10" count="2" type="stmt"/>
        <line num="11" count="32" type="cond" truecount="4" falsecount="0"/>
        <line num="12" count="12" type="stmt"/>
        <line num="13" count="12" type="stmt"/>
        <line num="15" count="20" type="stmt"/>
        <line num="18" count="22" type="stmt"/>
        <line num="19" count="2" type="stmt"/>
        <line num="20" count="4" type="stmt"/>
        <line num="21" count="2" type="stmt"/>
        <line num="24" count="0" type="stmt"/>
        <line num="25" count="0" type="stmt"/>
        <line num="26" count="0" type="stmt"/>
        <line num="27" count="0" type="stmt"/>
      </file>
    </package>
    <package name="utils">
      <metrics statements="2" coveredstatements="2" conditionals="0" coveredconditionals="0" methods="0" coveredmethods="0"/>
      <file name="logger.ts" path="/home/jonwrigt/Documents/AOC2022/packages/api/src/utils/logger.ts">
        <metrics statements="2" coveredstatements="2" conditionals="0" coveredconditionals="0" methods="0" coveredmethods="0"/>
        <line num="1" count="1" type="stmt"/>
        <line num="3" count="1" type="stmt"/>
      </file>
    </package>
  </project>
</coverage>
