{"/home/jonwrigt/Documents/AOC2022/packages/api/src/controllers/Calories.ts": {"path":"/home/jonwrigt/Documents/AOC2022/packages/api/src/controllers/Calories.ts","statementMap":{"0":{"start":{"line":2,"column":0},"end":{"line":2,"column":41}},"1":{"start":{"line":8,"column":22},"end":{"line":8,"column":23}},"2":{"start":{"line":9,"column":31},"end":{"line":9,"column":33}},"3":{"start":{"line":10,"column":8},"end":{"line":17,"column":11}},"4":{"start":{"line":11,"column":12},"end":{"line":16,"column":null}},"5":{"start":{"line":12,"column":16},"end":{"line":12,"column":35}},"6":{"start":{"line":13,"column":16},"end":{"line":13,"column":28}},"7":{"start":{"line":15,"column":16},"end":{"line":15,"column":48}},"8":{"start":{"line":18,"column":23},"end":{"line":18,"column":49}},"9":{"start":{"line":18,"column":43},"end":{"line":18,"column":48}},"10":{"start":{"line":19,"column":20},"end":{"line":19,"column":40}},"11":{"start":{"line":20,"column":20},"end":{"line":20,"column":62}},"12":{"start":{"line":20,"column":47},"end":{"line":20,"column":58}},"13":{"start":{"line":21,"column":8},"end":{"line":21,"column":28}},"14":{"start":{"line":24,"column":8},"end":{"line":24,"column":53}},"15":{"start":{"line":25,"column":29},"end":{"line":25,"column":78}},"16":{"start":{"line":26,"column":8},"end":{"line":26,"column":73}},"17":{"start":{"line":27,"column":8},"end":{"line":30,"column":32}},"18":{"start":{"line":6,"column":0},"end":{"line":6,"column":13}}},"fnMap":{"0":{"name":"(anonymous_7)","decl":{"start":{"line":7,"column":10},"end":{"line":7,"column":31}},"loc":{"start":{"line":7,"column":54},"end":{"line":22,"column":null}}},"1":{"name":"(anonymous_9)","decl":{"start":{"line":10,"column":22},"end":{"line":10,"column":23}},"loc":{"start":{"line":10,"column":33},"end":{"line":17,"column":9}}},"2":{"name":"(anonymous_10)","decl":{"start":{"line":18,"column":33},"end":{"line":18,"column":34}},"loc":{"start":{"line":18,"column":43},"end":{"line":18,"column":48}}},"3":{"name":"(anonymous_11)","decl":{"start":{"line":20,"column":31},"end":{"line":20,"column":32}},"loc":{"start":{"line":20,"column":47},"end":{"line":20,"column":58}}},"4":{"name":"(anonymous_12)","decl":{"start":{"line":23,"column":10},"end":{"line":23,"column":13}},"loc":{"start":{"line":23,"column":66},"end":{"line":31,"column":null}}}},"branchMap":{"0":{"loc":{"start":{"line":7,"column":49},"end":{"line":7,"column":54}},"type":"default-arg","locations":[{"start":{"line":7,"column":53},"end":{"line":7,"column":54}}]},"1":{"loc":{"start":{"line":11,"column":12},"end":{"line":16,"column":null}},"type":"if","locations":[{"start":{"line":11,"column":12},"end":{"line":16,"column":null}},{"start":{"line":14,"column":19},"end":{"line":16,"column":null}}]},"2":{"loc":{"start":{"line":11,"column":16},"end":{"line":11,"column":50}},"type":"binary-expr","locations":[{"start":{"line":11,"column":16},"end":{"line":11,"column":24}},{"start":{"line":11,"column":28},"end":{"line":11,"column":50}}]},"3":{"loc":{"start":{"line":23,"column":61},"end":{"line":23,"column":66}},"type":"default-arg","locations":[{"start":{"line":23,"column":65},"end":{"line":23,"column":66}}]}},"s":{"0":1,"1":2,"2":2,"3":2,"4":32,"5":12,"6":12,"7":20,"8":2,"9":22,"10":2,"11":2,"12":4,"13":2,"14":0,"15":0,"16":0,"17":0,"18":1},"f":{"0":2,"1":32,"2":22,"3":4,"4":0},"b":{"0":[0],"1":[12,20],"2":[32,22],"3":[0]}}
,"/home/jonwrigt/Documents/AOC2022/packages/api/src/controllers/Jajanken.ts": {"path":"/home/jonwrigt/Documents/AOC2022/packages/api/src/controllers/Jajanken.ts","statementMap":{"0":{"start":{"line":2,"column":0},"end":{"line":2,"column":41}},"1":{"start":{"line":5,"column":0},"end":{"line":5,"column":null}},"2":{"start":{"line":6,"column":4},"end":{"line":6,"column":null}},"3":{"start":{"line":7,"column":4},"end":{"line":7,"column":null}},"4":{"start":{"line":8,"column":4},"end":{"line":8,"column":null}},"5":{"start":{"line":13,"column":33},"end":{"line":17,"column":null}},"6":{"start":{"line":18,"column":18},"end":{"line":18,"column":127}},"7":{"start":{"line":18,"column":85},"end":{"line":18,"column":97}},"8":{"start":{"line":19,"column":37},"end":{"line":23,"column":null}},"9":{"start":{"line":24,"column":22},"end":{"line":24,"column":135}},"10":{"start":{"line":24,"column":93},"end":{"line":24,"column":105}},"11":{"start":{"line":25,"column":34},"end":{"line":29,"column":null}},"12":{"start":{"line":30,"column":19},"end":{"line":30,"column":129}},"13":{"start":{"line":30,"column":87},"end":{"line":30,"column":99}},"14":{"start":{"line":31,"column":52},"end":{"line":35,"column":null}},"15":{"start":{"line":36,"column":60},"end":{"line":40,"column":null}},"16":{"start":{"line":41,"column":61},"end":{"line":48,"column":null}},"17":{"start":{"line":49,"column":56},"end":{"line":53,"column":null}},"18":{"start":{"line":64,"column":8},"end":{"line":70,"column":null}},"19":{"start":{"line":65,"column":37},"end":{"line":65,"column":62}},"20":{"start":{"line":66,"column":33},"end":{"line":66,"column":78}},"21":{"start":{"line":67,"column":31},"end":{"line":67,"column":76}},"22":{"start":{"line":68,"column":26},"end":{"line":68,"column":157}},"23":{"start":{"line":69,"column":12},"end":{"line":69,"column":25}},"24":{"start":{"line":71,"column":8},"end":{"line":71,"column":95}},"25":{"start":{"line":74,"column":33},"end":{"line":74,"column":35}},"26":{"start":{"line":75,"column":18},"end":{"line":75,"column":19}},"27":{"start":{"line":76,"column":8},"end":{"line":83,"column":11}},"28":{"start":{"line":77,"column":26},"end":{"line":77,"column":61}},"29":{"start":{"line":78,"column":12},"end":{"line":82,"column":null}},"30":{"start":{"line":79,"column":30},"end":{"line":79,"column":68}},"31":{"start":{"line":80,"column":16},"end":{"line":80,"column":35}},"32":{"start":{"line":81,"column":16},"end":{"line":81,"column":29}},"33":{"start":{"line":84,"column":8},"end":{"line":84,"column":31}},"34":{"start":{"line":87,"column":8},"end":{"line":87,"column":49}},"35":{"start":{"line":88,"column":32},"end":{"line":88,"column":76}},"36":{"start":{"line":89,"column":8},"end":{"line":89,"column":63}},"37":{"start":{"line":90,"column":8},"end":{"line":93,"column":35}},"38":{"start":{"line":62,"column":0},"end":{"line":62,"column":13}}},"fnMap":{"0":{"name":"(anonymous_7)","decl":{"start":{"line":5,"column":0},"end":{"line":5,"column":5}},"loc":{"start":{"line":5,"column":18},"end":{"line":9,"column":1}}},"1":{"name":"(anonymous_8)","decl":{"start":{"line":18,"column":67},"end":{"line":18,"column":68}},"loc":{"start":{"line":18,"column":85},"end":{"line":18,"column":97}}},"2":{"name":"(anonymous_9)","decl":{"start":{"line":24,"column":75},"end":{"line":24,"column":76}},"loc":{"start":{"line":24,"column":93},"end":{"line":24,"column":105}}},"3":{"name":"(anonymous_10)","decl":{"start":{"line":30,"column":69},"end":{"line":30,"column":70}},"loc":{"start":{"line":30,"column":87},"end":{"line":30,"column":99}}},"4":{"name":"(anonymous_11)","decl":{"start":{"line":63,"column":4},"end":{"line":63,"column":13}},"loc":{"start":{"line":63,"column":76},"end":{"line":72,"column":5}}},"5":{"name":"(anonymous_12)","decl":{"start":{"line":73,"column":10},"end":{"line":73,"column":17}},"loc":{"start":{"line":73,"column":45},"end":{"line":85,"column":null}}},"6":{"name":"(anonymous_14)","decl":{"start":{"line":76,"column":22},"end":{"line":76,"column":23}},"loc":{"start":{"line":76,"column":31},"end":{"line":83,"column":9}}},"7":{"name":"(anonymous_15)","decl":{"start":{"line":86,"column":10},"end":{"line":86,"column":14}},"loc":{"start":{"line":86,"column":61},"end":{"line":94,"column":null}}}},"branchMap":{"0":{"loc":{"start":{"line":5,"column":5},"end":{"line":5,"column":null}},"type":"binary-expr","locations":[{"start":{"line":5,"column":5},"end":{"line":5,"column":18}},{"start":{"line":5,"column":5},"end":{"line":5,"column":null}}]},"1":{"loc":{"start":{"line":63,"column":66},"end":{"line":63,"column":76}},"type":"default-arg","locations":[{"start":{"line":63,"column":71},"end":{"line":63,"column":76}}]},"2":{"loc":{"start":{"line":64,"column":8},"end":{"line":70,"column":null}},"type":"if","locations":[{"start":{"line":64,"column":8},"end":{"line":70,"column":null}}]},"3":{"loc":{"start":{"line":73,"column":35},"end":{"line":73,"column":45}},"type":"default-arg","locations":[{"start":{"line":73,"column":40},"end":{"line":73,"column":45}}]},"4":{"loc":{"start":{"line":78,"column":12},"end":{"line":82,"column":null}},"type":"if","locations":[{"start":{"line":78,"column":12},"end":{"line":82,"column":null}}]}},"s":{"0":1,"1":1,"2":1,"3":1,"4":1,"5":1,"6":1,"7":3,"8":1,"9":1,"10":3,"11":1,"12":1,"13":3,"14":1,"15":1,"16":1,"17":1,"18":6,"19":3,"20":3,"21":3,"22":3,"23":3,"24":3,"25":2,"26":2,"27":2,"28":10,"29":10,"30":6,"31":6,"32":6,"33":2,"34":0,"35":0,"36":0,"37":0,"38":1},"f":{"0":1,"1":3,"2":3,"3":3,"4":6,"5":2,"6":10,"7":0},"b":{"0":[1,1],"1":[0],"2":[3],"3":[1],"4":[6]}}
,"/home/jonwrigt/Documents/AOC2022/packages/api/src/utils/logger.ts": {"path":"/home/jonwrigt/Documents/AOC2022/packages/api/src/utils/logger.ts","statementMap":{"0":{"start":{"line":1,"column":0},"end":{"line":1,"column":24}},"1":{"start":{"line":3,"column":13},"end":{"line":3,"column":29}}},"fnMap":{},"branchMap":{},"s":{"0":2,"1":2},"f":{},"b":{}}
}
