{"/home/jonwrigt/Documents/AOC2022/packages/api/src/controllers/Calories.ts": {"path":"/home/jonwrigt/Documents/AOC2022/packages/api/src/controllers/Calories.ts","statementMap":{"0":{"start":{"line":2,"column":0},"end":{"line":2,"column":41}},"1":{"start":{"line":8,"column":22},"end":{"line":8,"column":23}},"2":{"start":{"line":9,"column":31},"end":{"line":9,"column":33}},"3":{"start":{"line":10,"column":8},"end":{"line":17,"column":11}},"4":{"start":{"line":11,"column":12},"end":{"line":16,"column":null}},"5":{"start":{"line":12,"column":16},"end":{"line":12,"column":35}},"6":{"start":{"line":13,"column":16},"end":{"line":13,"column":28}},"7":{"start":{"line":15,"column":16},"end":{"line":15,"column":48}},"8":{"start":{"line":18,"column":23},"end":{"line":18,"column":49}},"9":{"start":{"line":18,"column":43},"end":{"line":18,"column":48}},"10":{"start":{"line":19,"column":20},"end":{"line":19,"column":40}},"11":{"start":{"line":20,"column":20},"end":{"line":20,"column":62}},"12":{"start":{"line":20,"column":47},"end":{"line":20,"column":58}},"13":{"start":{"line":21,"column":8},"end":{"line":21,"column":28}},"14":{"start":{"line":24,"column":8},"end":{"line":24,"column":53}},"15":{"start":{"line":25,"column":29},"end":{"line":25,"column":78}},"16":{"start":{"line":26,"column":8},"end":{"line":26,"column":73}},"17":{"start":{"line":27,"column":8},"end":{"line":30,"column":32}},"18":{"start":{"line":6,"column":0},"end":{"line":6,"column":13}}},"fnMap":{"0":{"name":"(anonymous_7)","decl":{"start":{"line":7,"column":10},"end":{"line":7,"column":31}},"loc":{"start":{"line":7,"column":54},"end":{"line":22,"column":null}}},"1":{"name":"(anonymous_9)","decl":{"start":{"line":10,"column":22},"end":{"line":10,"column":23}},"loc":{"start":{"line":10,"column":33},"end":{"line":17,"column":9}}},"2":{"name":"(anonymous_10)","decl":{"start":{"line":18,"column":33},"end":{"line":18,"column":34}},"loc":{"start":{"line":18,"column":43},"end":{"line":18,"column":48}}},"3":{"name":"(anonymous_11)","decl":{"start":{"line":20,"column":31},"end":{"line":20,"column":32}},"loc":{"start":{"line":20,"column":47},"end":{"line":20,"column":58}}},"4":{"name":"(anonymous_12)","decl":{"start":{"line":23,"column":10},"end":{"line":23,"column":13}},"loc":{"start":{"line":23,"column":66},"end":{"line":31,"column":null}}}},"branchMap":{"0":{"loc":{"start":{"line":7,"column":49},"end":{"line":7,"column":54}},"type":"default-arg","locations":[{"start":{"line":7,"column":53},"end":{"line":7,"column":54}}]},"1":{"loc":{"start":{"line":11,"column":12},"end":{"line":16,"column":null}},"type":"if","locations":[{"start":{"line":11,"column":12},"end":{"line":16,"column":null}},{"start":{"line":14,"column":19},"end":{"line":16,"column":null}}]},"2":{"loc":{"start":{"line":11,"column":16},"end":{"line":11,"column":50}},"type":"binary-expr","locations":[{"start":{"line":11,"column":16},"end":{"line":11,"column":24}},{"start":{"line":11,"column":28},"end":{"line":11,"column":50}}]},"3":{"loc":{"start":{"line":23,"column":61},"end":{"line":23,"column":66}},"type":"default-arg","locations":[{"start":{"line":23,"column":65},"end":{"line":23,"column":66}}]}},"s":{"0":1,"1":2,"2":2,"3":2,"4":32,"5":12,"6":12,"7":20,"8":2,"9":22,"10":2,"11":2,"12":4,"13":2,"14":0,"15":0,"16":0,"17":0,"18":1},"f":{"0":2,"1":32,"2":22,"3":4,"4":0},"b":{"0":[0],"1":[12,20],"2":[32,22],"3":[0]}}
,"/home/jonwrigt/Documents/AOC2022/packages/api/src/controllers/Cleaning.ts": {"path":"/home/jonwrigt/Documents/AOC2022/packages/api/src/controllers/Cleaning.ts","statementMap":{"0":{"start":{"line":2,"column":0},"end":{"line":2,"column":41}},"1":{"start":{"line":6,"column":0},"end":{"line":6,"column":null}},"2":{"start":{"line":7,"column":4},"end":{"line":7,"column":null}},"3":{"start":{"line":8,"column":4},"end":{"line":8,"column":null}},"4":{"start":{"line":9,"column":4},"end":{"line":9,"column":null}},"5":{"start":{"line":21,"column":22},"end":{"line":21,"column":37}},"6":{"start":{"line":22,"column":21},"end":{"line":22,"column":92}},"7":{"start":{"line":22,"column":41},"end":{"line":22,"column":91}},"8":{"start":{"line":22,"column":70},"end":{"line":22,"column":90}},"9":{"start":{"line":23,"column":8},"end":{"line":23,"column":59}},"10":{"start":{"line":26,"column":8},"end":{"line":26,"column":73}},"11":{"start":{"line":26,"column":44},"end":{"line":26,"column":73}},"12":{"start":{"line":28,"column":26},"end":{"line":28,"column":58}},"13":{"start":{"line":29,"column":26},"end":{"line":29,"column":58}},"14":{"start":{"line":31,"column":25},"end":{"line":31,"column":56}},"15":{"start":{"line":32,"column":25},"end":{"line":32,"column":56}},"16":{"start":{"line":34,"column":25},"end":{"line":34,"column":57}},"17":{"start":{"line":35,"column":25},"end":{"line":35,"column":57}},"18":{"start":{"line":36,"column":8},"end":{"line":42,"column":36}},"19":{"start":{"line":45,"column":18},"end":{"line":45,"column":19}},"20":{"start":{"line":46,"column":32},"end":{"line":51,"column":10}},"21":{"start":{"line":47,"column":31},"end":{"line":47,"column":48}},"22":{"start":{"line":48,"column":34},"end":{"line":48,"column":77}},"23":{"start":{"line":49,"column":12},"end":{"line":49,"column":114}},"24":{"start":{"line":50,"column":12},"end":{"line":50,"column":33}},"25":{"start":{"line":52,"column":8},"end":{"line":52,"column":40}},"26":{"start":{"line":55,"column":8},"end":{"line":55,"column":53}},"27":{"start":{"line":56,"column":21},"end":{"line":56,"column":120}},"28":{"start":{"line":57,"column":8},"end":{"line":57,"column":58}},"29":{"start":{"line":58,"column":8},"end":{"line":61,"column":24}},"30":{"start":{"line":19,"column":0},"end":{"line":19,"column":13}}},"fnMap":{"0":{"name":"(anonymous_7)","decl":{"start":{"line":6,"column":0},"end":{"line":6,"column":12}},"loc":{"start":{"line":6,"column":25},"end":{"line":10,"column":1}}},"1":{"name":"(anonymous_8)","decl":{"start":{"line":20,"column":4},"end":{"line":20,"column":13}},"loc":{"start":{"line":20,"column":26},"end":{"line":24,"column":5}}},"2":{"name":"(anonymous_9)","decl":{"start":{"line":22,"column":31},"end":{"line":22,"column":32}},"loc":{"start":{"line":22,"column":41},"end":{"line":22,"column":91}}},"3":{"name":"(anonymous_10)","decl":{"start":{"line":22,"column":61},"end":{"line":22,"column":62}},"loc":{"start":{"line":22,"column":70},"end":{"line":22,"column":90}}},"4":{"name":"(anonymous_11)","decl":{"start":{"line":25,"column":4},"end":{"line":25,"column":12}},"loc":{"start":{"line":25,"column":43},"end":{"line":43,"column":5}}},"5":{"name":"(anonymous_12)","decl":{"start":{"line":44,"column":4},"end":{"line":44,"column":14}},"loc":{"start":{"line":44,"column":96},"end":{"line":53,"column":5}}},"6":{"name":"(anonymous_13)","decl":{"start":{"line":46,"column":42},"end":{"line":46,"column":43}},"loc":{"start":{"line":46,"column":48},"end":{"line":51,"column":9}}},"7":{"name":"(anonymous_14)","decl":{"start":{"line":54,"column":10},"end":{"line":54,"column":14}},"loc":{"start":{"line":54,"column":60},"end":{"line":62,"column":null}}}},"branchMap":{"0":{"loc":{"start":{"line":6,"column":12},"end":{"line":6,"column":null}},"type":"binary-expr","locations":[{"start":{"line":6,"column":12},"end":{"line":6,"column":25}},{"start":{"line":6,"column":12},"end":{"line":6,"column":null}}]},"1":{"loc":{"start":{"line":26,"column":8},"end":{"line":26,"column":73}},"type":"if","locations":[{"start":{"line":26,"column":8},"end":{"line":26,"column":73}}]},"2":{"loc":{"start":{"line":26,"column":12},"end":{"line":26,"column":42}},"type":"binary-expr","locations":[{"start":{"line":26,"column":12},"end":{"line":26,"column":25}},{"start":{"line":26,"column":29},"end":{"line":26,"column":42}}]},"3":{"loc":{"start":{"line":28,"column":26},"end":{"line":28,"column":58}},"type":"binary-expr","locations":[{"start":{"line":28,"column":26},"end":{"line":28,"column":40}},{"start":{"line":28,"column":44},"end":{"line":28,"column":58}}]},"4":{"loc":{"start":{"line":29,"column":26},"end":{"line":29,"column":58}},"type":"binary-expr","locations":[{"start":{"line":29,"column":26},"end":{"line":29,"column":40}},{"start":{"line":29,"column":44},"end":{"line":29,"column":58}}]},"5":{"loc":{"start":{"line":31,"column":25},"end":{"line":31,"column":56}},"type":"binary-expr","locations":[{"start":{"line":31,"column":25},"end":{"line":31,"column":38}},{"start":{"line":31,"column":42},"end":{"line":31,"column":56}}]},"6":{"loc":{"start":{"line":32,"column":25},"end":{"line":32,"column":56}},"type":"binary-expr","locations":[{"start":{"line":32,"column":25},"end":{"line":32,"column":38}},{"start":{"line":32,"column":42},"end":{"line":32,"column":56}}]},"7":{"loc":{"start":{"line":34,"column":25},"end":{"line":34,"column":57}},"type":"binary-expr","locations":[{"start":{"line":34,"column":25},"end":{"line":34,"column":39}},{"start":{"line":34,"column":43},"end":{"line":34,"column":57}}]},"8":{"loc":{"start":{"line":35,"column":25},"end":{"line":35,"column":57}},"type":"binary-expr","locations":[{"start":{"line":35,"column":25},"end":{"line":35,"column":39}},{"start":{"line":35,"column":43},"end":{"line":35,"column":57}}]},"9":{"loc":{"start":{"line":36,"column":15},"end":{"line":42,"column":35}},"type":"cond-expr","locations":[{"start":{"line":36,"column":27},"end":{"line":36,"column":57}},{"start":{"line":37,"column":14},"end":{"line":42,"column":35}}]},"10":{"loc":{"start":{"line":37,"column":14},"end":{"line":42,"column":35}},"type":"cond-expr","locations":[{"start":{"line":37,"column":26},"end":{"line":37,"column":56}},{"start":{"line":38,"column":14},"end":{"line":42,"column":35}}]},"11":{"loc":{"start":{"line":38,"column":14},"end":{"line":42,"column":35}},"type":"cond-expr","locations":[{"start":{"line":38,"column":25},"end":{"line":38,"column":47}},{"start":{"line":39,"column":14},"end":{"line":42,"column":35}}]},"12":{"loc":{"start":{"line":39,"column":14},"end":{"line":42,"column":35}},"type":"cond-expr","locations":[{"start":{"line":39,"column":25},"end":{"line":39,"column":47}},{"start":{"line":40,"column":14},"end":{"line":42,"column":35}}]},"13":{"loc":{"start":{"line":40,"column":14},"end":{"line":42,"column":35}},"type":"cond-expr","locations":[{"start":{"line":40,"column":25},"end":{"line":40,"column":47}},{"start":{"line":41,"column":14},"end":{"line":42,"column":35}}]},"14":{"loc":{"start":{"line":41,"column":14},"end":{"line":42,"column":35}},"type":"cond-expr","locations":[{"start":{"line":41,"column":25},"end":{"line":41,"column":47}},{"start":{"line":42,"column":14},"end":{"line":42,"column":35}}]},"15":{"loc":{"start":{"line":44,"column":32},"end":{"line":44,"column":96}},"type":"default-arg","locations":[{"start":{"line":44,"column":66},"end":{"line":44,"column":96}}]},"16":{"loc":{"start":{"line":49,"column":19},"end":{"line":49,"column":113}},"type":"cond-expr","locations":[{"start":{"line":49,"column":108},"end":{"line":49,"column":109}},{"start":{"line":49,"column":112},"end":{"line":49,"column":113}}]},"17":{"loc":{"start":{"line":49,"column":19},"end":{"line":49,"column":105}},"type":"binary-expr","locations":[{"start":{"line":49,"column":19},"end":{"line":49,"column":53}},{"start":{"line":49,"column":57},"end":{"line":49,"column":105}}]},"18":{"loc":{"start":{"line":56,"column":51},"end":{"line":56,"column":119}},"type":"cond-expr","locations":[{"start":{"line":56,"column":64},"end":{"line":56,"column":86}},{"start":{"line":56,"column":89},"end":{"line":56,"column":119}}]}},"s":{"0":1,"1":1,"2":1,"3":1,"4":1,"5":9,"6":9,"7":18,"8":36,"9":9,"10":16,"11":0,"12":16,"13":16,"14":16,"15":16,"16":16,"17":16,"18":16,"19":1,"20":1,"21":6,"22":6,"23":6,"24":6,"25":1,"26":0,"27":0,"28":0,"29":0,"30":1},"f":{"0":1,"1":9,"2":18,"3":36,"4":16,"5":1,"6":6,"7":0},"b":{"0":[1,1],"1":[0],"2":[16,16],"3":[16,3],"4":[16,13],"5":[16,13],"6":[16,3],"7":[16,16],"8":[16,11],"9":[2,14],"10":[2,12],"11":[6,6],"12":[1,5],"13":[0,5],"14":[0,5],"15":[1],"16":[2,4],"17":[6,4],"18":[0,0]}}
,"/home/jonwrigt/Documents/AOC2022/packages/api/src/controllers/Jajanken.ts": {"path":"/home/jonwrigt/Documents/AOC2022/packages/api/src/controllers/Jajanken.ts","statementMap":{"0":{"start":{"line":2,"column":0},"end":{"line":2,"column":41}},"1":{"start":{"line":5,"column":0},"end":{"line":5,"column":null}},"2":{"start":{"line":6,"column":4},"end":{"line":6,"column":null}},"3":{"start":{"line":7,"column":4},"end":{"line":7,"column":null}},"4":{"start":{"line":8,"column":4},"end":{"line":8,"column":null}},"5":{"start":{"line":13,"column":33},"end":{"line":17,"column":null}},"6":{"start":{"line":18,"column":18},"end":{"line":18,"column":127}},"7":{"start":{"line":18,"column":85},"end":{"line":18,"column":97}},"8":{"start":{"line":19,"column":37},"end":{"line":23,"column":null}},"9":{"start":{"line":24,"column":22},"end":{"line":24,"column":135}},"10":{"start":{"line":24,"column":93},"end":{"line":24,"column":105}},"11":{"start":{"line":25,"column":34},"end":{"line":29,"column":null}},"12":{"start":{"line":30,"column":19},"end":{"line":30,"column":129}},"13":{"start":{"line":30,"column":87},"end":{"line":30,"column":99}},"14":{"start":{"line":31,"column":52},"end":{"line":35,"column":null}},"15":{"start":{"line":36,"column":60},"end":{"line":40,"column":null}},"16":{"start":{"line":41,"column":61},"end":{"line":48,"column":null}},"17":{"start":{"line":49,"column":56},"end":{"line":53,"column":null}},"18":{"start":{"line":64,"column":8},"end":{"line":70,"column":null}},"19":{"start":{"line":65,"column":37},"end":{"line":65,"column":62}},"20":{"start":{"line":66,"column":33},"end":{"line":66,"column":78}},"21":{"start":{"line":67,"column":31},"end":{"line":67,"column":76}},"22":{"start":{"line":68,"column":26},"end":{"line":68,"column":157}},"23":{"start":{"line":69,"column":12},"end":{"line":69,"column":25}},"24":{"start":{"line":71,"column":8},"end":{"line":71,"column":95}},"25":{"start":{"line":74,"column":33},"end":{"line":74,"column":35}},"26":{"start":{"line":75,"column":18},"end":{"line":75,"column":19}},"27":{"start":{"line":76,"column":8},"end":{"line":83,"column":11}},"28":{"start":{"line":77,"column":26},"end":{"line":77,"column":61}},"29":{"start":{"line":78,"column":12},"end":{"line":82,"column":null}},"30":{"start":{"line":79,"column":30},"end":{"line":79,"column":68}},"31":{"start":{"line":80,"column":16},"end":{"line":80,"column":35}},"32":{"start":{"line":81,"column":16},"end":{"line":81,"column":29}},"33":{"start":{"line":84,"column":8},"end":{"line":84,"column":31}},"34":{"start":{"line":87,"column":8},"end":{"line":87,"column":49}},"35":{"start":{"line":88,"column":32},"end":{"line":88,"column":76}},"36":{"start":{"line":89,"column":8},"end":{"line":89,"column":63}},"37":{"start":{"line":90,"column":8},"end":{"line":93,"column":35}},"38":{"start":{"line":62,"column":0},"end":{"line":62,"column":13}}},"fnMap":{"0":{"name":"(anonymous_7)","decl":{"start":{"line":5,"column":0},"end":{"line":5,"column":5}},"loc":{"start":{"line":5,"column":18},"end":{"line":9,"column":1}}},"1":{"name":"(anonymous_8)","decl":{"start":{"line":18,"column":67},"end":{"line":18,"column":68}},"loc":{"start":{"line":18,"column":85},"end":{"line":18,"column":97}}},"2":{"name":"(anonymous_9)","decl":{"start":{"line":24,"column":75},"end":{"line":24,"column":76}},"loc":{"start":{"line":24,"column":93},"end":{"line":24,"column":105}}},"3":{"name":"(anonymous_10)","decl":{"start":{"line":30,"column":69},"end":{"line":30,"column":70}},"loc":{"start":{"line":30,"column":87},"end":{"line":30,"column":99}}},"4":{"name":"(anonymous_11)","decl":{"start":{"line":63,"column":4},"end":{"line":63,"column":13}},"loc":{"start":{"line":63,"column":76},"end":{"line":72,"column":5}}},"5":{"name":"(anonymous_12)","decl":{"start":{"line":73,"column":10},"end":{"line":73,"column":17}},"loc":{"start":{"line":73,"column":45},"end":{"line":85,"column":null}}},"6":{"name":"(anonymous_14)","decl":{"start":{"line":76,"column":22},"end":{"line":76,"column":23}},"loc":{"start":{"line":76,"column":31},"end":{"line":83,"column":9}}},"7":{"name":"(anonymous_15)","decl":{"start":{"line":86,"column":10},"end":{"line":86,"column":14}},"loc":{"start":{"line":86,"column":61},"end":{"line":94,"column":null}}}},"branchMap":{"0":{"loc":{"start":{"line":5,"column":5},"end":{"line":5,"column":null}},"type":"binary-expr","locations":[{"start":{"line":5,"column":5},"end":{"line":5,"column":18}},{"start":{"line":5,"column":5},"end":{"line":5,"column":null}}]},"1":{"loc":{"start":{"line":63,"column":66},"end":{"line":63,"column":76}},"type":"default-arg","locations":[{"start":{"line":63,"column":71},"end":{"line":63,"column":76}}]},"2":{"loc":{"start":{"line":64,"column":8},"end":{"line":70,"column":null}},"type":"if","locations":[{"start":{"line":64,"column":8},"end":{"line":70,"column":null}}]},"3":{"loc":{"start":{"line":73,"column":35},"end":{"line":73,"column":45}},"type":"default-arg","locations":[{"start":{"line":73,"column":40},"end":{"line":73,"column":45}}]},"4":{"loc":{"start":{"line":78,"column":12},"end":{"line":82,"column":null}},"type":"if","locations":[{"start":{"line":78,"column":12},"end":{"line":82,"column":null}}]}},"s":{"0":1,"1":1,"2":1,"3":1,"4":1,"5":1,"6":1,"7":3,"8":1,"9":1,"10":3,"11":1,"12":1,"13":3,"14":1,"15":1,"16":1,"17":1,"18":6,"19":3,"20":3,"21":3,"22":3,"23":3,"24":3,"25":2,"26":2,"27":2,"28":10,"29":10,"30":6,"31":6,"32":6,"33":2,"34":0,"35":0,"36":0,"37":0,"38":1},"f":{"0":1,"1":3,"2":3,"3":3,"4":6,"5":2,"6":10,"7":0},"b":{"0":[1,1],"1":[0],"2":[3],"3":[1],"4":[6]}}
,"/home/jonwrigt/Documents/AOC2022/packages/api/src/controllers/Rucksack.ts": {"path":"/home/jonwrigt/Documents/AOC2022/packages/api/src/controllers/Rucksack.ts","statementMap":{"0":{"start":{"line":2,"column":0},"end":{"line":2,"column":41}},"1":{"start":{"line":11,"column":31},"end":{"line":11,"column":65}},"2":{"start":{"line":12,"column":31},"end":{"line":12,"column":76}},"3":{"start":{"line":13,"column":8},"end":{"line":13,"column":50}},"4":{"start":{"line":16,"column":37},"end":{"line":16,"column":101}},"5":{"start":{"line":16,"column":67},"end":{"line":16,"column":100}},"6":{"start":{"line":17,"column":37},"end":{"line":17,"column":101}},"7":{"start":{"line":17,"column":67},"end":{"line":17,"column":100}},"8":{"start":{"line":18,"column":16},"end":{"line":18,"column":17}},"9":{"start":{"line":19,"column":16},"end":{"line":19,"column":17}},"10":{"start":{"line":20,"column":39},"end":{"line":20,"column":41}},"11":{"start":{"line":21,"column":8},"end":{"line":45,"column":null}},"12":{"start":{"line":23,"column":12},"end":{"line":44,"column":null}},"13":{"start":{"line":25,"column":16},"end":{"line":25,"column":59}},"14":{"start":{"line":26,"column":27},"end":{"line":26,"column":28}},"15":{"start":{"line":27,"column":27},"end":{"line":27,"column":28}},"16":{"start":{"line":28,"column":16},"end":{"line":36,"column":null}},"17":{"start":{"line":29,"column":20},"end":{"line":35,"column":null}},"18":{"start":{"line":30,"column":24},"end":{"line":30,"column":31}},"19":{"start":{"line":31,"column":27},"end":{"line":35,"column":null}},"20":{"start":{"line":32,"column":24},"end":{"line":32,"column":31}},"21":{"start":{"line":34,"column":24},"end":{"line":34,"column":30}},"22":{"start":{"line":37,"column":16},"end":{"line":37,"column":25}},"23":{"start":{"line":37,"column":26},"end":{"line":37,"column":35}},"24":{"start":{"line":38,"column":19},"end":{"line":44,"column":null}},"25":{"start":{"line":39,"column":16},"end":{"line":39,"column":20}},"26":{"start":{"line":40,"column":19},"end":{"line":44,"column":null}},"27":{"start":{"line":41,"column":16},"end":{"line":41,"column":20}},"28":{"start":{"line":43,"column":16},"end":{"line":43,"column":20}},"29":{"start":{"line":43,"column":21},"end":{"line":43,"column":25}},"30":{"start":{"line":46,"column":8},"end":{"line":46,"column":28}},"31":{"start":{"line":49,"column":25},"end":{"line":49,"column":77}},"32":{"start":{"line":49,"column":43},"end":{"line":49,"column":76}},"33":{"start":{"line":50,"column":25},"end":{"line":50,"column":77}},"34":{"start":{"line":50,"column":43},"end":{"line":50,"column":76}},"35":{"start":{"line":51,"column":25},"end":{"line":51,"column":77}},"36":{"start":{"line":51,"column":43},"end":{"line":51,"column":76}},"37":{"start":{"line":52,"column":16},"end":{"line":52,"column":17}},"38":{"start":{"line":53,"column":16},"end":{"line":53,"column":17}},"39":{"start":{"line":54,"column":16},"end":{"line":54,"column":17}},"40":{"start":{"line":55,"column":39},"end":{"line":55,"column":41}},"41":{"start":{"line":56,"column":8},"end":{"line":83,"column":null}},"42":{"start":{"line":57,"column":12},"end":{"line":82,"column":null}},"43":{"start":{"line":58,"column":16},"end":{"line":58,"column":47}},"44":{"start":{"line":59,"column":27},"end":{"line":59,"column":28}},"45":{"start":{"line":60,"column":27},"end":{"line":60,"column":28}},"46":{"start":{"line":61,"column":27},"end":{"line":61,"column":28}},"47":{"start":{"line":62,"column":16},"end":{"line":72,"column":null}},"48":{"start":{"line":63,"column":20},"end":{"line":71,"column":null}},"49":{"start":{"line":64,"column":24},"end":{"line":64,"column":31}},"50":{"start":{"line":65,"column":27},"end":{"line":71,"column":null}},"51":{"start":{"line":66,"column":24},"end":{"line":66,"column":31}},"52":{"start":{"line":67,"column":27},"end":{"line":71,"column":null}},"53":{"start":{"line":68,"column":24},"end":{"line":68,"column":31}},"54":{"start":{"line":70,"column":24},"end":{"line":70,"column":30}},"55":{"start":{"line":73,"column":16},"end":{"line":73,"column":25}},"56":{"start":{"line":73,"column":26},"end":{"line":73,"column":35}},"57":{"start":{"line":73,"column":36},"end":{"line":73,"column":45}},"58":{"start":{"line":74,"column":19},"end":{"line":82,"column":null}},"59":{"start":{"line":75,"column":16},"end":{"line":75,"column":20}},"60":{"start":{"line":76,"column":19},"end":{"line":82,"column":null}},"61":{"start":{"line":77,"column":16},"end":{"line":77,"column":20}},"62":{"start":{"line":78,"column":19},"end":{"line":82,"column":null}},"63":{"start":{"line":79,"column":16},"end":{"line":79,"column":20}},"64":{"start":{"line":81,"column":16},"end":{"line":81,"column":20}},"65":{"start":{"line":81,"column":21},"end":{"line":81,"column":25}},"66":{"start":{"line":81,"column":26},"end":{"line":81,"column":30}},"67":{"start":{"line":84,"column":8},"end":{"line":84,"column":28}},"68":{"start":{"line":87,"column":8},"end":{"line":87,"column":40}},"69":{"start":{"line":90,"column":29},"end":{"line":90,"column":56}},"70":{"start":{"line":91,"column":29},"end":{"line":91,"column":130}},"71":{"start":{"line":92,"column":20},"end":{"line":92,"column":107}},"72":{"start":{"line":92,"column":56},"end":{"line":92,"column":103}},"73":{"start":{"line":93,"column":8},"end":{"line":93,"column":37}},"74":{"start":{"line":96,"column":18},"end":{"line":96,"column":19}},"75":{"start":{"line":97,"column":8},"end":{"line":97,"column":61}},"76":{"start":{"line":97,"column":29},"end":{"line":97,"column":59}},"77":{"start":{"line":98,"column":8},"end":{"line":98,"column":19}},"78":{"start":{"line":101,"column":18},"end":{"line":101,"column":19}},"79":{"start":{"line":102,"column":8},"end":{"line":133,"column":null}},"80":{"start":{"line":102,"column":21},"end":{"line":102,"column":22}},"81":{"start":{"line":103,"column":46},"end":{"line":103,"column":48}},"82":{"start":{"line":104,"column":32},"end":{"line":104,"column":90}},"83":{"start":{"line":104,"column":71},"end":{"line":104,"column":89}},"84":{"start":{"line":105,"column":32},"end":{"line":105,"column":92}},"85":{"start":{"line":105,"column":73},"end":{"line":105,"column":91}},"86":{"start":{"line":106,"column":34},"end":{"line":106,"column":94}},"87":{"start":{"line":106,"column":75},"end":{"line":106,"column":93}},"88":{"start":{"line":107,"column":12},"end":{"line":113,"column":15}},"89":{"start":{"line":108,"column":16},"end":{"line":112,"column":null}},"90":{"start":{"line":109,"column":20},"end":{"line":109,"column":30}},"91":{"start":{"line":111,"column":20},"end":{"line":111,"column":29}},"92":{"start":{"line":114,"column":12},"end":{"line":120,"column":15}},"93":{"start":{"line":115,"column":16},"end":{"line":119,"column":null}},"94":{"start":{"line":116,"column":20},"end":{"line":116,"column":30}},"95":{"start":{"line":118,"column":20},"end":{"line":118,"column":29}},"96":{"start":{"line":121,"column":12},"end":{"line":127,"column":15}},"97":{"start":{"line":122,"column":16},"end":{"line":126,"column":null}},"98":{"start":{"line":123,"column":20},"end":{"line":123,"column":30}},"99":{"start":{"line":125,"column":20},"end":{"line":125,"column":29}},"100":{"start":{"line":128,"column":12},"end":{"line":128,"column":142}},"101":{"start":{"line":128,"column":51},"end":{"line":128,"column":61}},"102":{"start":{"line":128,"column":86},"end":{"line":128,"column":137}},"103":{"start":{"line":134,"column":8},"end":{"line":134,"column":19}},"104":{"start":{"line":137,"column":8},"end":{"line":137,"column":68}},"105":{"start":{"line":139,"column":8},"end":{"line":143,"column":null}},"106":{"start":{"line":140,"column":12},"end":{"line":140,"column":48}},"107":{"start":{"line":142,"column":12},"end":{"line":142,"column":47}},"108":{"start":{"line":144,"column":8},"end":{"line":144,"column":52}},"109":{"start":{"line":145,"column":8},"end":{"line":148,"column":27}},"110":{"start":{"line":9,"column":0},"end":{"line":9,"column":13}}},"fnMap":{"0":{"name":"(anonymous_7)","decl":{"start":{"line":10,"column":4},"end":{"line":10,"column":19}},"loc":{"start":{"line":10,"column":33},"end":{"line":14,"column":5}}},"1":{"name":"(anonymous_8)","decl":{"start":{"line":15,"column":12},"end":{"line":15,"column":30}},"loc":{"start":{"line":15,"column":81},"end":{"line":47,"column":5}}},"2":{"name":"(anonymous_9)","decl":{"start":{"line":16,"column":57},"end":{"line":16,"column":58}},"loc":{"start":{"line":16,"column":67},"end":{"line":16,"column":100}}},"3":{"name":"(anonymous_10)","decl":{"start":{"line":17,"column":57},"end":{"line":17,"column":58}},"loc":{"start":{"line":17,"column":67},"end":{"line":17,"column":100}}},"4":{"name":"(anonymous_11)","decl":{"start":{"line":48,"column":12},"end":{"line":48,"column":30}},"loc":{"start":{"line":48,"column":71},"end":{"line":85,"column":5}}},"5":{"name":"(anonymous_12)","decl":{"start":{"line":49,"column":33},"end":{"line":49,"column":34}},"loc":{"start":{"line":49,"column":43},"end":{"line":49,"column":76}}},"6":{"name":"(anonymous_13)","decl":{"start":{"line":50,"column":33},"end":{"line":50,"column":34}},"loc":{"start":{"line":50,"column":43},"end":{"line":50,"column":76}}},"7":{"name":"(anonymous_14)","decl":{"start":{"line":51,"column":33},"end":{"line":51,"column":34}},"loc":{"start":{"line":51,"column":43},"end":{"line":51,"column":76}}},"8":{"name":"(anonymous_15)","decl":{"start":{"line":86,"column":12},"end":{"line":86,"column":27}},"loc":{"start":{"line":86,"column":37},"end":{"line":88,"column":5}}},"9":{"name":"(anonymous_16)","decl":{"start":{"line":89,"column":4},"end":{"line":89,"column":15}},"loc":{"start":{"line":89,"column":29},"end":{"line":94,"column":5}}},"10":{"name":"(anonymous_17)","decl":{"start":{"line":92,"column":40},"end":{"line":92,"column":41}},"loc":{"start":{"line":92,"column":56},"end":{"line":92,"column":103}}},"11":{"name":"(anonymous_18)","decl":{"start":{"line":95,"column":4},"end":{"line":95,"column":13}},"loc":{"start":{"line":95,"column":29},"end":{"line":99,"column":5}}},"12":{"name":"(anonymous_19)","decl":{"start":{"line":97,"column":22},"end":{"line":97,"column":23}},"loc":{"start":{"line":97,"column":29},"end":{"line":97,"column":59}}},"13":{"name":"(anonymous_20)","decl":{"start":{"line":100,"column":4},"end":{"line":100,"column":14}},"loc":{"start":{"line":100,"column":42},"end":{"line":135,"column":5}}},"14":{"name":"(anonymous_21)","decl":{"start":{"line":104,"column":58},"end":{"line":104,"column":59}},"loc":{"start":{"line":104,"column":71},"end":{"line":104,"column":89}}},"15":{"name":"(anonymous_22)","decl":{"start":{"line":105,"column":60},"end":{"line":105,"column":61}},"loc":{"start":{"line":105,"column":73},"end":{"line":105,"column":91}}},"16":{"name":"(anonymous_23)","decl":{"start":{"line":106,"column":62},"end":{"line":106,"column":63}},"loc":{"start":{"line":106,"column":75},"end":{"line":106,"column":93}}},"17":{"name":"(anonymous_24)","decl":{"start":{"line":107,"column":28},"end":{"line":107,"column":29}},"loc":{"start":{"line":107,"column":34},"end":{"line":113,"column":13}}},"18":{"name":"(anonymous_25)","decl":{"start":{"line":114,"column":28},"end":{"line":114,"column":29}},"loc":{"start":{"line":114,"column":34},"end":{"line":120,"column":13}}},"19":{"name":"(anonymous_26)","decl":{"start":{"line":121,"column":30},"end":{"line":121,"column":31}},"loc":{"start":{"line":121,"column":36},"end":{"line":127,"column":13}}},"20":{"name":"(anonymous_27)","decl":{"start":{"line":128,"column":44},"end":{"line":128,"column":45}},"loc":{"start":{"line":128,"column":51},"end":{"line":128,"column":61}}},"21":{"name":"(anonymous_28)","decl":{"start":{"line":128,"column":70},"end":{"line":128,"column":71}},"loc":{"start":{"line":128,"column":86},"end":{"line":128,"column":137}}},"22":{"name":"(anonymous_29)","decl":{"start":{"line":136,"column":10},"end":{"line":136,"column":14}},"loc":{"start":{"line":136,"column":60},"end":{"line":149,"column":null}}}},"branchMap":{"0":{"loc":{"start":{"line":21,"column":15},"end":{"line":21,"column":69}},"type":"binary-expr","locations":[{"start":{"line":21,"column":15},"end":{"line":21,"column":40}},{"start":{"line":21,"column":44},"end":{"line":21,"column":69}}]},"1":{"loc":{"start":{"line":23,"column":12},"end":{"line":44,"column":null}},"type":"if","locations":[{"start":{"line":23,"column":12},"end":{"line":44,"column":null}},{"start":{"line":38,"column":19},"end":{"line":44,"column":null}}]},"2":{"loc":{"start":{"line":28,"column":23},"end":{"line":28,"column":85}},"type":"binary-expr","locations":[{"start":{"line":28,"column":23},"end":{"line":28,"column":27}},{"start":{"line":28,"column":31},"end":{"line":28,"column":56}},{"start":{"line":28,"column":60},"end":{"line":28,"column":85}}]},"3":{"loc":{"start":{"line":29,"column":20},"end":{"line":35,"column":null}},"type":"if","locations":[{"start":{"line":29,"column":20},"end":{"line":35,"column":null}},{"start":{"line":31,"column":27},"end":{"line":35,"column":null}}]},"4":{"loc":{"start":{"line":31,"column":27},"end":{"line":35,"column":null}},"type":"if","locations":[{"start":{"line":31,"column":27},"end":{"line":35,"column":null}},{"start":{"line":33,"column":27},"end":{"line":35,"column":null}}]},"5":{"loc":{"start":{"line":38,"column":19},"end":{"line":44,"column":null}},"type":"if","locations":[{"start":{"line":38,"column":19},"end":{"line":44,"column":null}},{"start":{"line":40,"column":19},"end":{"line":44,"column":null}}]},"6":{"loc":{"start":{"line":40,"column":19},"end":{"line":44,"column":null}},"type":"if","locations":[{"start":{"line":40,"column":19},"end":{"line":44,"column":null}},{"start":{"line":42,"column":19},"end":{"line":44,"column":null}}]},"7":{"loc":{"start":{"line":56,"column":15},"end":{"line":56,"column":62}},"type":"binary-expr","locations":[{"start":{"line":56,"column":15},"end":{"line":56,"column":28}},{"start":{"line":56,"column":32},"end":{"line":56,"column":45}},{"start":{"line":56,"column":49},"end":{"line":56,"column":62}}]},"8":{"loc":{"start":{"line":57,"column":12},"end":{"line":82,"column":null}},"type":"if","locations":[{"start":{"line":57,"column":12},"end":{"line":82,"column":null}},{"start":{"line":74,"column":19},"end":{"line":82,"column":null}}]},"9":{"loc":{"start":{"line":57,"column":16},"end":{"line":57,"column":74}},"type":"binary-expr","locations":[{"start":{"line":57,"column":16},"end":{"line":57,"column":43}},{"start":{"line":57,"column":47},"end":{"line":57,"column":74}}]},"10":{"loc":{"start":{"line":62,"column":23},"end":{"line":62,"column":78}},"type":"binary-expr","locations":[{"start":{"line":62,"column":23},"end":{"line":62,"column":27}},{"start":{"line":62,"column":31},"end":{"line":62,"column":44}},{"start":{"line":62,"column":48},"end":{"line":62,"column":61}},{"start":{"line":62,"column":65},"end":{"line":62,"column":78}}]},"11":{"loc":{"start":{"line":63,"column":20},"end":{"line":71,"column":null}},"type":"if","locations":[{"start":{"line":63,"column":20},"end":{"line":71,"column":null}},{"start":{"line":65,"column":27},"end":{"line":71,"column":null}}]},"12":{"loc":{"start":{"line":65,"column":27},"end":{"line":71,"column":null}},"type":"if","locations":[{"start":{"line":65,"column":27},"end":{"line":71,"column":null}},{"start":{"line":67,"column":27},"end":{"line":71,"column":null}}]},"13":{"loc":{"start":{"line":67,"column":27},"end":{"line":71,"column":null}},"type":"if","locations":[{"start":{"line":67,"column":27},"end":{"line":71,"column":null}},{"start":{"line":69,"column":27},"end":{"line":71,"column":null}}]},"14":{"loc":{"start":{"line":74,"column":19},"end":{"line":82,"column":null}},"type":"if","locations":[{"start":{"line":74,"column":19},"end":{"line":82,"column":null}},{"start":{"line":76,"column":19},"end":{"line":82,"column":null}}]},"15":{"loc":{"start":{"line":74,"column":23},"end":{"line":74,"column":133}},"type":"binary-expr","locations":[{"start":{"line":74,"column":23},"end":{"line":74,"column":76}},{"start":{"line":74,"column":80},"end":{"line":74,"column":133}}]},"16":{"loc":{"start":{"line":76,"column":19},"end":{"line":82,"column":null}},"type":"if","locations":[{"start":{"line":76,"column":19},"end":{"line":82,"column":null}},{"start":{"line":78,"column":19},"end":{"line":82,"column":null}}]},"17":{"loc":{"start":{"line":76,"column":23},"end":{"line":76,"column":133}},"type":"binary-expr","locations":[{"start":{"line":76,"column":23},"end":{"line":76,"column":76}},{"start":{"line":76,"column":80},"end":{"line":76,"column":133}}]},"18":{"loc":{"start":{"line":78,"column":19},"end":{"line":82,"column":null}},"type":"if","locations":[{"start":{"line":78,"column":19},"end":{"line":82,"column":null}},{"start":{"line":80,"column":19},"end":{"line":82,"column":null}}]},"19":{"loc":{"start":{"line":78,"column":23},"end":{"line":78,"column":133}},"type":"binary-expr","locations":[{"start":{"line":78,"column":23},"end":{"line":78,"column":76}},{"start":{"line":78,"column":80},"end":{"line":78,"column":133}}]},"20":{"loc":{"start":{"line":87,"column":15},"end":{"line":87,"column":39}},"type":"cond-expr","locations":[{"start":{"line":87,"column":24},"end":{"line":87,"column":30}},{"start":{"line":87,"column":33},"end":{"line":87,"column":39}}]},"21":{"loc":{"start":{"line":100,"column":32},"end":{"line":100,"column":42}},"type":"default-arg","locations":[{"start":{"line":100,"column":41},"end":{"line":100,"column":42}}]},"22":{"loc":{"start":{"line":108,"column":16},"end":{"line":112,"column":null}},"type":"if","locations":[{"start":{"line":108,"column":16},"end":{"line":112,"column":null}},{"start":{"line":110,"column":23},"end":{"line":112,"column":null}}]},"23":{"loc":{"start":{"line":115,"column":16},"end":{"line":119,"column":null}},"type":"if","locations":[{"start":{"line":115,"column":16},"end":{"line":119,"column":null}},{"start":{"line":117,"column":23},"end":{"line":119,"column":null}}]},"24":{"loc":{"start":{"line":122,"column":16},"end":{"line":126,"column":null}},"type":"if","locations":[{"start":{"line":122,"column":16},"end":{"line":126,"column":null}},{"start":{"line":124,"column":23},"end":{"line":126,"column":null}}]},"25":{"loc":{"start":{"line":139,"column":8},"end":{"line":143,"column":null}},"type":"if","locations":[{"start":{"line":139,"column":8},"end":{"line":143,"column":null}},{"start":{"line":141,"column":15},"end":{"line":143,"column":null}}]}},"s":{"0":1,"1":15,"2":15,"3":15,"4":12,"5":376,"6":12,"7":358,"8":12,"9":12,"10":12,"11":12,"12":238,"13":12,"14":12,"15":12,"16":12,"17":56,"18":26,"19":30,"20":18,"21":12,"22":12,"23":12,"24":226,"25":100,"26":126,"27":126,"28":0,"29":0,"30":12,"31":0,"32":0,"33":0,"34":0,"35":0,"36":0,"37":0,"38":0,"39":0,"40":0,"41":0,"42":0,"43":0,"44":0,"45":0,"46":0,"47":0,"48":0,"49":0,"50":0,"51":0,"52":0,"53":0,"54":0,"55":0,"56":0,"57":0,"58":0,"59":0,"60":0,"61":0,"62":0,"63":0,"64":0,"65":0,"66":0,"67":0,"68":14,"69":12,"70":12,"71":12,"72":12,"73":12,"74":1,"75":1,"76":6,"77":1,"78":1,"79":1,"80":1,"81":2,"82":2,"83":54,"84":2,"85":48,"86":2,"87":42,"88":2,"89":31,"90":0,"91":31,"92":2,"93":25,"94":9,"95":16,"96":2,"97":27,"98":13,"99":14,"100":2,"101":61,"102":2,"103":1,"104":0,"105":0,"106":0,"107":0,"108":0,"109":0,"110":1},"f":{"0":15,"1":12,"2":376,"3":358,"4":0,"5":0,"6":0,"7":0,"8":14,"9":12,"10":12,"11":1,"12":6,"13":1,"14":54,"15":48,"16":42,"17":31,"18":25,"19":27,"20":61,"21":2,"22":0},"b":{"0":[250,248],"1":[12,226],"2":[56,56,56],"3":[26,30],"4":[18,12],"5":[100,126],"6":[126,0],"7":[0,0,0],"8":[0,0],"9":[0,0],"10":[0,0,0,0],"11":[0,0],"12":[0,0],"13":[0,0],"14":[0,0],"15":[0,0],"16":[0,0],"17":[0,0],"18":[0,0],"19":[0,0],"20":[5,9],"21":[1],"22":[0,31],"23":[9,16],"24":[13,14],"25":[0,0]}}
,"/home/jonwrigt/Documents/AOC2022/packages/api/src/controllers/Stacker.ts": {"path":"/home/jonwrigt/Documents/AOC2022/packages/api/src/controllers/Stacker.ts","statementMap":{"0":{"start":{"line":2,"column":0},"end":{"line":2,"column":40}},"1":{"start":{"line":5,"column":24},"end":{"line":5,"column":54}},"2":{"start":{"line":7,"column":8},"end":{"line":11,"column":null}},"3":{"start":{"line":8,"column":12},"end":{"line":8,"column":42}},"4":{"start":{"line":10,"column":12},"end":{"line":10,"column":37}},"5":{"start":{"line":14,"column":8},"end":{"line":18,"column":null}},"6":{"start":{"line":14,"column":21},"end":{"line":14,"column":22}},"7":{"start":{"line":15,"column":12},"end":{"line":17,"column":null}},"8":{"start":{"line":16,"column":16},"end":{"line":16,"column":31}},"9":{"start":{"line":21,"column":33},"end":{"line":21,"column":35}},"10":{"start":{"line":22,"column":8},"end":{"line":24,"column":null}},"11":{"start":{"line":22,"column":21},"end":{"line":22,"column":22}},"12":{"start":{"line":23,"column":12},"end":{"line":23,"column":57}},"13":{"start":{"line":25,"column":8},"end":{"line":25,"column":48}},"14":{"start":{"line":27,"column":21},"end":{"line":27,"column":60}},"15":{"start":{"line":28,"column":19},"end":{"line":28,"column":53}},"16":{"start":{"line":4,"column":0},"end":{"line":4,"column":13}},"17":{"start":{"line":43,"column":22},"end":{"line":43,"column":39}},"18":{"start":{"line":44,"column":19},"end":{"line":44,"column":21}},"19":{"start":{"line":45,"column":32},"end":{"line":45,"column":34}},"20":{"start":{"line":46,"column":8},"end":{"line":63,"column":null}},"21":{"start":{"line":46,"column":21},"end":{"line":46,"column":22}},"22":{"start":{"line":47,"column":25},"end":{"line":47,"column":33}},"23":{"start":{"line":48,"column":24},"end":{"line":48,"column":38}},"24":{"start":{"line":49,"column":22},"end":{"line":49,"column":23}},"25":{"start":{"line":50,"column":23},"end":{"line":50,"column":24}},"26":{"start":{"line":51,"column":12},"end":{"line":57,"column":null}},"27":{"start":{"line":52,"column":16},"end":{"line":54,"column":null}},"28":{"start":{"line":53,"column":20},"end":{"line":53,"column":46}},"29":{"start":{"line":55,"column":16},"end":{"line":55,"column":26}},"30":{"start":{"line":56,"column":16},"end":{"line":56,"column":25}},"31":{"start":{"line":58,"column":12},"end":{"line":58,"column":43}},"32":{"start":{"line":59,"column":12},"end":{"line":62,"column":null}},"33":{"start":{"line":60,"column":16},"end":{"line":60,"column":42}},"34":{"start":{"line":61,"column":16},"end":{"line":61,"column":22}},"35":{"start":{"line":64,"column":8},"end":{"line":64,"column":40}},"36":{"start":{"line":65,"column":44},"end":{"line":65,"column":46}},"37":{"start":{"line":66,"column":8},"end":{"line":76,"column":null}},"38":{"start":{"line":66,"column":21},"end":{"line":66,"column":38}},"39":{"start":{"line":67,"column":25},"end":{"line":67,"column":44}},"40":{"start":{"line":68,"column":12},"end":{"line":75,"column":null}},"41":{"start":{"line":69,"column":34},"end":{"line":73,"column":null}},"42":{"start":{"line":74,"column":16},"end":{"line":74,"column":43}},"43":{"start":{"line":77,"column":8},"end":{"line":77,"column":37}},"44":{"start":{"line":81,"column":8},"end":{"line":81,"column":65}},"45":{"start":{"line":82,"column":38},"end":{"line":82,"column":62}},"46":{"start":{"line":83,"column":8},"end":{"line":91,"column":11}},"47":{"start":{"line":84,"column":12},"end":{"line":90,"column":null}},"48":{"start":{"line":85,"column":16},"end":{"line":85,"column":54}},"49":{"start":{"line":87,"column":16},"end":{"line":89,"column":null}},"50":{"start":{"line":87,"column":29},"end":{"line":87,"column":30}},"51":{"start":{"line":88,"column":20},"end":{"line":88,"column":47}},"52":{"start":{"line":92,"column":18},"end":{"line":92,"column":20}},"53":{"start":{"line":93,"column":8},"end":{"line":95,"column":null}},"54":{"start":{"line":93,"column":21},"end":{"line":93,"column":22}},"55":{"start":{"line":94,"column":12},"end":{"line":94,"column":42}},"56":{"start":{"line":96,"column":8},"end":{"line":99,"column":27}},"57":{"start":{"line":41,"column":0},"end":{"line":41,"column":13}}},"fnMap":{"0":{"name":"(anonymous_7)","decl":{"start":{"line":5,"column":4},"end":{"line":5,"column":24}},"loc":{"start":{"line":5,"column":56},"end":{"line":5,"column":61}}},"1":{"name":"(anonymous_8)","decl":{"start":{"line":6,"column":4},"end":{"line":6,"column":7}},"loc":{"start":{"line":6,"column":37},"end":{"line":12,"column":5}}},"2":{"name":"(anonymous_9)","decl":{"start":{"line":13,"column":4},"end":{"line":13,"column":23}},"loc":{"start":{"line":13,"column":35},"end":{"line":19,"column":5}}},"3":{"name":"(anonymous_10)","decl":{"start":{"line":20,"column":4},"end":{"line":20,"column":8}},"loc":{"start":{"line":20,"column":45},"end":{"line":26,"column":5}}},"4":{"name":"(anonymous_11)","decl":{"start":{"line":27,"column":4},"end":{"line":27,"column":7}},"loc":{"start":{"line":27,"column":17},"end":{"line":27,"column":61}}},"5":{"name":"(anonymous_12)","decl":{"start":{"line":28,"column":4},"end":{"line":28,"column":8}},"loc":{"start":{"line":28,"column":14},"end":{"line":28,"column":54}}},"6":{"name":"(anonymous_13)","decl":{"start":{"line":42,"column":4},"end":{"line":42,"column":9}},"loc":{"start":{"line":42,"column":25},"end":{"line":78,"column":5}}},"7":{"name":"(anonymous_14)","decl":{"start":{"line":80,"column":10},"end":{"line":80,"column":14}},"loc":{"start":{"line":80,"column":57},"end":{"line":100,"column":null}}},"8":{"name":"(anonymous_16)","decl":{"start":{"line":83,"column":27},"end":{"line":83,"column":28}},"loc":{"start":{"line":83,"column":34},"end":{"line":91,"column":9}}}},"branchMap":{"0":{"loc":{"start":{"line":5,"column":24},"end":{"line":5,"column":56}},"type":"default-arg","locations":[{"start":{"line":5,"column":54},"end":{"line":5,"column":56}}]},"1":{"loc":{"start":{"line":7,"column":8},"end":{"line":11,"column":null}},"type":"if","locations":[{"start":{"line":7,"column":8},"end":{"line":11,"column":null}},{"start":{"line":9,"column":15},"end":{"line":11,"column":null}}]},"2":{"loc":{"start":{"line":15,"column":12},"end":{"line":17,"column":null}},"type":"if","locations":[{"start":{"line":15,"column":12},"end":{"line":17,"column":null}}]},"3":{"loc":{"start":{"line":20,"column":35},"end":{"line":20,"column":45}},"type":"default-arg","locations":[{"start":{"line":20,"column":44},"end":{"line":20,"column":45}}]},"4":{"loc":{"start":{"line":52,"column":16},"end":{"line":54,"column":null}},"type":"if","locations":[{"start":{"line":52,"column":16},"end":{"line":54,"column":null}}]},"5":{"loc":{"start":{"line":52,"column":20},"end":{"line":52,"column":73}},"type":"binary-expr","locations":[{"start":{"line":52,"column":20},"end":{"line":52,"column":36}},{"start":{"line":52,"column":40},"end":{"line":52,"column":73}}]},"6":{"loc":{"start":{"line":59,"column":12},"end":{"line":62,"column":null}},"type":"if","locations":[{"start":{"line":59,"column":12},"end":{"line":62,"column":null}}]},"7":{"loc":{"start":{"line":68,"column":12},"end":{"line":75,"column":null}},"type":"if","locations":[{"start":{"line":68,"column":12},"end":{"line":75,"column":null}}]},"8":{"loc":{"start":{"line":84,"column":12},"end":{"line":90,"column":null}},"type":"if","locations":[{"start":{"line":84,"column":12},"end":{"line":90,"column":null}},{"start":{"line":86,"column":19},"end":{"line":90,"column":null}}]}},"s":{"0":1,"1":3,"2":18,"3":9,"4":9,"5":3,"6":3,"7":9,"8":0,"9":11,"10":11,"11":11,"12":14,"13":11,"14":6,"15":10,"16":1,"17":3,"18":3,"19":3,"20":3,"21":3,"22":15,"23":15,"24":15,"25":15,"26":15,"27":36,"28":18,"29":36,"30":36,"31":15,"32":15,"33":3,"34":3,"35":3,"36":3,"37":3,"38":3,"39":12,"40":12,"41":12,"42":12,"43":3,"44":0,"45":0,"46":0,"47":0,"48":0,"49":0,"50":0,"51":0,"52":0,"53":0,"54":0,"55":0,"56":0,"57":1},"f":{"0":3,"1":18,"2":3,"3":11,"4":6,"5":10,"6":3,"7":0,"8":0},"b":{"0":[3],"1":[9,9],"2":[0],"3":[7],"4":[18],"5":[36,27],"6":[3],"7":[12],"8":[0,0]}}
,"/home/jonwrigt/Documents/AOC2022/packages/api/src/controllers/Tuning.ts": {"path":"/home/jonwrigt/Documents/AOC2022/packages/api/src/controllers/Tuning.ts","statementMap":{"0":{"start":{"line":2,"column":0},"end":{"line":2,"column":41}},"1":{"start":{"line":11,"column":8},"end":{"line":11,"column":20}},"2":{"start":{"line":12,"column":22},"end":{"line":12,"column":37}},"3":{"start":{"line":13,"column":16},"end":{"line":13,"column":17}},"4":{"start":{"line":14,"column":8},"end":{"line":22,"column":null}},"5":{"start":{"line":15,"column":41},"end":{"line":15,"column":43}},"6":{"start":{"line":16,"column":12},"end":{"line":18,"column":null}},"7":{"start":{"line":16,"column":25},"end":{"line":16,"column":26}},"8":{"start":{"line":17,"column":16},"end":{"line":17,"column":56}},"9":{"start":{"line":19,"column":12},"end":{"line":21,"column":null}},"10":{"start":{"line":19,"column":42},"end":{"line":19,"column":47}},"11":{"start":{"line":19,"column":72},"end":{"line":19,"column":93}},"12":{"start":{"line":20,"column":16},"end":{"line":20,"column":22}},"13":{"start":{"line":23,"column":8},"end":{"line":23,"column":26}},"14":{"start":{"line":26,"column":8},"end":{"line":26,"column":54}},"15":{"start":{"line":27,"column":29},"end":{"line":27,"column":58}},"16":{"start":{"line":28,"column":8},"end":{"line":31,"column":36}},"17":{"start":{"line":9,"column":0},"end":{"line":9,"column":13}}},"fnMap":{"0":{"name":"(anonymous_7)","decl":{"start":{"line":10,"column":4},"end":{"line":10,"column":10}},"loc":{"start":{"line":10,"column":36},"end":{"line":24,"column":5}}},"1":{"name":"(anonymous_8)","decl":{"start":{"line":19,"column":32},"end":{"line":19,"column":33}},"loc":{"start":{"line":19,"column":42},"end":{"line":19,"column":47}}},"2":{"name":"(anonymous_9)","decl":{"start":{"line":19,"column":56},"end":{"line":19,"column":57}},"loc":{"start":{"line":19,"column":72},"end":{"line":19,"column":93}}},"3":{"name":"(anonymous_10)","decl":{"start":{"line":25,"column":10},"end":{"line":25,"column":14}},"loc":{"start":{"line":25,"column":58},"end":{"line":32,"column":null}}}},"branchMap":{"0":{"loc":{"start":{"line":10,"column":26},"end":{"line":10,"column":36}},"type":"default-arg","locations":[{"start":{"line":10,"column":35},"end":{"line":10,"column":36}}]},"1":{"loc":{"start":{"line":19,"column":12},"end":{"line":21,"column":null}},"type":"if","locations":[{"start":{"line":19,"column":12},"end":{"line":21,"column":null}}]}},"s":{"0":1,"1":10,"2":10,"3":10,"4":10,"5":79,"6":79,"7":79,"8":866,"9":79,"10":2173,"11":866,"12":10,"13":10,"14":0,"15":0,"16":0,"17":1},"f":{"0":10,"1":2173,"2":866,"3":0},"b":{"0":[5],"1":[10]}}
,"/home/jonwrigt/Documents/AOC2022/packages/api/src/utils/logger.ts": {"path":"/home/jonwrigt/Documents/AOC2022/packages/api/src/utils/logger.ts","statementMap":{"0":{"start":{"line":1,"column":0},"end":{"line":1,"column":24}},"1":{"start":{"line":3,"column":13},"end":{"line":3,"column":29}}},"fnMap":{},"branchMap":{},"s":{"0":6,"1":6},"f":{},"b":{}}
}
