TN:
SF:src/controllers/Calories.ts
FN:7,(anonymous_7)
FN:10,(anonymous_9)
FN:18,(anonymous_10)
FN:20,(anonymous_11)
FN:23,(anonymous_12)
FNF:5
FNH:4
FNDA:2,(anonymous_7)
FNDA:32,(anonymous_9)
FNDA:22,(anonymous_10)
FNDA:4,(anonymous_11)
FNDA:0,(anonymous_12)
DA:2,1
DA:6,1
DA:8,2
DA:9,2
DA:10,2
DA:11,32
DA:12,12
DA:13,12
DA:15,20
DA:18,22
DA:19,2
DA:20,4
DA:21,2
DA:24,0
DA:25,0
DA:26,0
DA:27,0
LF:17
LH:13
BRDA:7,0,0,0
BRDA:11,1,0,12
BRDA:11,1,1,20
BRDA:11,2,0,32
BRDA:11,2,1,22
BRDA:23,3,0,0
BRF:6
BRH:4
end_of_record
TN:
SF:src/utils/logger.ts
FNF:0
FNH:0
DA:1,1
DA:3,1
LF:2
LH:2
BRF:0
BRH:0
end_of_record
