TN:
SF:src/controllers/Calories.ts
FN:7,(anonymous_7)
FN:10,(anonymous_9)
FN:18,(anonymous_10)
FN:20,(anonymous_11)
FN:23,(anonymous_12)
FNF:5
FNH:4
FNDA:2,(anonymous_7)
FNDA:32,(anonymous_9)
FNDA:22,(anonymous_10)
FNDA:4,(anonymous_11)
FNDA:0,(anonymous_12)
DA:2,1
DA:6,1
DA:8,2
DA:9,2
DA:10,2
DA:11,32
DA:12,12
DA:13,12
DA:15,20
DA:18,22
DA:19,2
DA:20,4
DA:21,2
DA:24,0
DA:25,0
DA:26,0
DA:27,0
LF:17
LH:13
BRDA:7,0,0,0
BRDA:11,1,0,12
BRDA:11,1,1,20
BRDA:11,2,0,32
BRDA:11,2,1,22
BRDA:23,3,0,0
BRF:6
BRH:4
end_of_record
TN:
SF:src/controllers/Jajanken.ts
FN:5,(anonymous_7)
FN:18,(anonymous_8)
FN:24,(anonymous_9)
FN:30,(anonymous_10)
FN:63,(anonymous_11)
FN:73,(anonymous_12)
FN:76,(anonymous_14)
FN:86,(anonymous_15)
FNF:8
FNH:7
FNDA:1,(anonymous_7)
FNDA:3,(anonymous_8)
FNDA:3,(anonymous_9)
FNDA:3,(anonymous_10)
FNDA:6,(anonymous_11)
FNDA:2,(anonymous_12)
FNDA:10,(anonymous_14)
FNDA:0,(anonymous_15)
DA:2,1
DA:5,1
DA:6,1
DA:7,1
DA:8,1
DA:13,1
DA:18,3
DA:19,1
DA:24,3
DA:25,1
DA:30,3
DA:31,1
DA:36,1
DA:41,1
DA:49,1
DA:62,1
DA:64,6
DA:65,3
DA:66,3
DA:67,3
DA:68,3
DA:69,3
DA:71,3
DA:74,2
DA:75,2
DA:76,2
DA:77,10
DA:78,10
DA:79,6
DA:80,6
DA:81,6
DA:84,2
DA:87,0
DA:88,0
DA:89,0
DA:90,0
LF:36
LH:32
BRDA:5,0,0,1
BRDA:5,0,1,1
BRDA:63,1,0,0
BRDA:64,2,0,3
BRDA:73,3,0,1
BRDA:78,4,0,6
BRF:6
BRH:5
end_of_record
TN:
SF:src/utils/logger.ts
FNF:0
FNH:0
DA:1,2
DA:3,2
LF:2
LH:2
BRF:0
BRH:0
end_of_record
